// 重构日志: b5475643
// 重构日志: daa2a754
// 重构日志: 49d42b3e
// 重构日志: f8a44b98
// 同步 ID: 2a53b821 @ Sun Jul  5 00:45:33 UTC 2026
// 同步 ID: a0055b10 @ Sun Jul  5 08:07:27 UTC 2026
// 重构日志: 9e43c45f
// 同步 ID: 3b7fd600 @ Sun Jul  5 15:17:11 UTC 2026
// 同步 ID: a5ff7ebb @ Sun Jul  5 22:53:03 UTC 2026
// 重构日志: 617282ef
// 同步 ID: 91bb6283 @ Tue Jul  7 05:03:00 UTC 2026
// 同步 ID: 76ec3071 @ Tue Jul  7 12:32:50 UTC 2026
// 重构日志: 3fb1f65e
// 同步 ID: e21729c9 @ Wed Jul  8 08:10:32 UTC 2026
// 重构日志: 6d71d3fc
// 同步 ID: ea7aafda @ Thu Jul  9 02:27:34 UTC 2026
// 同步 ID: 05703f12 @ Sat Jul 11 13:49:30 UTC 2026
// 重构日志: 106f218a
// 重构日志: 7da9421a
// 重构日志: 4482fcaf
// 重构日志: c514fa27
// 重构日志: f5d634dc
// 重构日志: ee6fbb0b
// 同步 ID: 66626696 @ Tue Jul 14 17:41:03 UTC 2026
// 同步 ID: 0e0ca502 @ Wed Jul 15 12:22:32 UTC 2026
// 重构日志: 7ba55dab
// 同步 ID: 499f2098 @ Thu Jul 16 03:10:50 UTC 2026
// 重构日志: 948b2f23
// 同步 ID: a1e59871 @ Thu Jul 16 11:21:29 UTC 2026
// 同步 ID: 45a447cb @ Fri Jul 17 11:00:01 UTC 2026
// 重构日志: 1e7112df
// 重构日志: 65c40fec
